<assembly>
  <id>test-component</id>
  <includeBaseDirectory>false</includeBaseDirectory>
  <formats>
    <format>jar</format>
  </formats>
  <fileSets>
    <fileSet>
      <directory>${project.build.directory}/test-classes</directory>
      <outputDirectory></outputDirectory>
      <includes>
        <include>org/mortbay/jetty/servlet/SessionTestServer*</include>
      </includes>
    </fileSet>
  </fileSets>
</assembly>