<?xml version="1.0"?>
<!DOCTYPE Configure PUBLIC "-//Mort Bay Consulting//DTD Configure//EN" "http://jetty.mortbay.org/configure.dtd">

<!-- =============================================================== -->
<!-- Configure the test-jndi webapp                                  -->
<!-- =============================================================== -->
<Configure id='wac' class="org.eclipse.jetty.webapp.WebAppContext">

  <Set name="contextPath">/test-jaas</Set>
  <Set name="war"><SystemProperty name="jetty.home" default="."/>/webapps/test-jaas</Set>

  <Set name="securityHandler">
    <New class="org.eclipse.jetty.security.ConstraintSecurityHandler">
     <Set name="loginService">
       <New class="org.eclipse.jetty.plus.jaas.JAASLoginService">
         <Set name="name">Test JAAS Realm</Set>
         <Set name="loginModuleName">xyz</Set>
       </New>
     </Set>
    </New>
  </Set>

</Configure>

