<?xml version="1.0"  encoding="ISO-8859-1"?>
<!DOCTYPE Configure PUBLIC "-//Jetty//Configure//EN" "http://www.eclipse.org/jetty/configure.dtd">

<Configure class="org.eclipse.jetty.webapp.WebAppContext">
  <Set name="contextPath">/test-slf4j-1_2</Set>
  <Set name="war"><SystemProperty name="jetty.home" default="."/>/test-apps/test-war-slf4j_1.2.war</Set>
  <Set name="extractWAR">false</Set>
  <Set name="copyWebDir">false</Set>
</Configure>
